  stdafx.cpp
  Table.cpp
c:\users\williamengel0270\source\repos\ndn_two_way\consoleapplication4\table.cpp(8): warning C4018: '<': signed/unsigned mismatch
c:\users\williamengel0270\source\repos\ndn_two_way\consoleapplication4\table.cpp(21): warning C4018: '<': signed/unsigned mismatch
c:\users\williamengel0270\source\repos\ndn_two_way\consoleapplication4\table.cpp(36): warning C4018: '<': signed/unsigned mismatch
c:\users\williamengel0270\source\repos\ndn_two_way\consoleapplication4\table.cpp(57): warning C4018: '<': signed/unsigned mismatch
c:\users\williamengel0270\source\repos\ndn_two_way\consoleapplication4\table.cpp(59): warning C4018: '<': signed/unsigned mismatch
  Producer.cpp
c:\users\williamengel0270\source\repos\ndn_two_way\consoleapplication4\producer.cpp(26): warning C4018: '<': signed/unsigned mismatch
c:\users\williamengel0270\source\repos\ndn_two_way\consoleapplication4\producer.cpp(36): warning C4244: 'argument': conversion from 'time_t' to 'unsigned int', possible loss of data
  PairNodePacket.cpp
  Packet.cpp
  Node.cpp
c:\users\williamengel0270\source\repos\ndn_two_way\consoleapplication4\node.cpp(38): warning C4018: '<': signed/unsigned mismatch
c:\users\williamengel0270\source\repos\ndn_two_way\consoleapplication4\node.cpp(59): warning C4018: '<': signed/unsigned mismatch
c:\users\williamengel0270\source\repos\ndn_two_way\consoleapplication4\node.cpp(62): warning C4018: '<': signed/unsigned mismatch
c:\users\williamengel0270\source\repos\ndn_two_way\consoleapplication4\node.cpp(93): warning C4018: '<': signed/unsigned mismatch
c:\users\williamengel0270\source\repos\ndn_two_way\consoleapplication4\node.cpp(222): warning C4018: '<': signed/unsigned mismatch
  Logger.cpp
  Entry.cpp
  Consumer.cpp
c:\users\williamengel0270\source\repos\ndn_two_way\consoleapplication4\consumer.cpp(30): warning C4018: '<': signed/unsigned mismatch
  ConsoleApplication4.cpp
c:\users\williamengel0270\source\repos\ndn_two_way\consoleapplication4\consoleapplication4.cpp(55): warning C4018: '<': signed/unsigned mismatch
c:\users\williamengel0270\source\repos\ndn_two_way\consoleapplication4\consoleapplication4.cpp(79): warning C4018: '<': signed/unsigned mismatch
c:\users\williamengel0270\source\repos\ndn_two_way\consoleapplication4\consoleapplication4.cpp(88): warning C4018: '<': signed/unsigned mismatch
c:\users\williamengel0270\source\repos\ndn_two_way\consoleapplication4\consoleapplication4.cpp(109): warning C4244: 'argument': conversion from 'time_t' to 'unsigned int', possible loss of data
c:\users\williamengel0270\source\repos\ndn_two_way\consoleapplication4\consoleapplication4.cpp(177): warning C4018: '<': signed/unsigned mismatch
  Generating Code...
  ConsoleApplication4.vcxproj -> C:\Users\williamengel0270\source\repos\ndn_two_way\Debug\ConsoleApplication4.exe
